Copyright 1986-2016 Xilinx, Inc. All Rights Reserved.
----------------------------------------------------------------------------------------------------------
| Tool Version : Vivado v.2016.4 (win64) Build 1756540 Mon Jan 23 19:11:23 MST 2017
| Date         : Mon Apr 19 06:34:46 2021
| Host         : LAPTOP-QPR00H51 running 64-bit major release  (build 9200)
| Command      : report_control_sets -verbose -file zynq_interrupt_system_wrapper_control_sets_placed.rpt
| Design       : zynq_interrupt_system_wrapper
| Device       : xc7z010
----------------------------------------------------------------------------------------------------------

Control Set Information

Table of Contents
-----------------
1. Summary
2. Flip-Flop Distribution
3. Detailed Control Set Information

1. Summary
----------

+----------------------------------------------------------+-------+
|                          Status                          | Count |
+----------------------------------------------------------+-------+
| Number of unique control sets                            |    60 |
| Unused register locations in slices containing registers |   157 |
+----------------------------------------------------------+-------+


2. Flip-Flop Distribution
-------------------------

+--------------+-----------------------+------------------------+-----------------+--------------+
| Clock Enable | Synchronous Set/Reset | Asynchronous Set/Reset | Total Registers | Total Slices |
+--------------+-----------------------+------------------------+-----------------+--------------+
| No           | No                    | No                     |             150 |           49 |
| No           | No                    | Yes                    |               0 |            0 |
| No           | Yes                   | No                     |             169 |           54 |
| Yes          | No                    | No                     |             469 |          107 |
| Yes          | No                    | Yes                    |               0 |            0 |
| Yes          | Yes                   | No                     |             287 |          110 |
+--------------+-----------------------+------------------------+-----------------+--------------+


3. Detailed Control Set Information
-----------------------------------

+--------------------------------------------------------------+----------------------------------------------------------------------------------------------------------------------------------------------------------------------------+-------------------------------------------------------------------------------------------------------------------------------------------------------+------------------+----------------+
|                         Clock Signal                         |                                                                                Enable Signal                                                                               |                                                                    Set/Reset Signal                                                                   | Slice Load Count | Bel Load Count |
+--------------------------------------------------------------+----------------------------------------------------------------------------------------------------------------------------------------------------------------------------+-------------------------------------------------------------------------------------------------------------------------------------------------------+------------------+----------------+
|  zynq_interrupt_system_i/processing_system7_0/inst/FCLK_CLK0 |                                                                                                                                                                            | zynq_interrupt_system_i/axi_timer_0/U0/AXI4_LITE_I/I_SLAVE_ATTACHMENT/I_DECODER/TCSR0_GENERATE[23].TCSR0_FF_I                                         |                1 |              1 |
|  zynq_interrupt_system_i/processing_system7_0/inst/FCLK_CLK0 |                                                                                                                                                                            | zynq_interrupt_system_i/axi_timer_0/U0/AXI4_LITE_I/I_SLAVE_ATTACHMENT/I_DECODER/TCSR1_GENERATE[23].TCSR1_FF_I                                         |                1 |              1 |
|  zynq_interrupt_system_i/processing_system7_0/inst/FCLK_CLK0 | zynq_interrupt_system_i/ps7_0_axi_periph/s00_couplers/auto_pc/inst/gen_axilite.gen_b2s_conv.axilite_b2s/WR.b_channel_0/bid_fifo_0/bresp_push                               |                                                                                                                                                       |                1 |              2 |
|  zynq_interrupt_system_i/processing_system7_0/inst/FCLK_CLK0 |                                                                                                                                                                            | zynq_interrupt_system_i/axi_gpio_0/U0/AXI_LITE_IPIF_I/I_SLAVE_ATTACHMENT/I_DECODER/Read_Reg_Rst                                                       |                1 |              4 |
|  zynq_interrupt_system_i/processing_system7_0/inst/FCLK_CLK0 | zynq_interrupt_system_i/axi_gpio_0/U0/AXI_LITE_IPIF_I/I_SLAVE_ATTACHMENT/I_DECODER/E[0]                                                                                    | zynq_interrupt_system_i/axi_gpio_0/U0/bus2ip_reset                                                                                                    |                1 |              4 |
|  zynq_interrupt_system_i/processing_system7_0/inst/FCLK_CLK0 |                                                                                                                                                                            | zynq_interrupt_system_i/axi_gpio_0/U0/AXI_LITE_IPIF_I/I_SLAVE_ATTACHMENT/clear                                                                        |                1 |              4 |
|  zynq_interrupt_system_i/processing_system7_0/inst/FCLK_CLK0 |                                                                                                                                                                            | zynq_interrupt_system_i/ps7_0_axi_periph/s00_couplers/auto_pc/inst/gen_axilite.gen_b2s_conv.axilite_b2s/SI_REG/ar_pipe/m_valid_i_reg_0                |                3 |              4 |
|  zynq_interrupt_system_i/processing_system7_0/inst/FCLK_CLK0 | zynq_interrupt_system_i/axi_gpio_1/U0/AXI_LITE_IPIF_I/I_SLAVE_ATTACHMENT/s_axi_rdata_i[3]_i_1_n_0                                                                          | zynq_interrupt_system_i/axi_gpio_1/U0/AXI_LITE_IPIF_I/I_SLAVE_ATTACHMENT/SR                                                                           |                1 |              4 |
|  zynq_interrupt_system_i/processing_system7_0/inst/FCLK_CLK0 |                                                                                                                                                                            | zynq_interrupt_system_i/axi_gpio_1/U0/AXI_LITE_IPIF_I/I_SLAVE_ATTACHMENT/clear                                                                        |                1 |              4 |
|  zynq_interrupt_system_i/processing_system7_0/inst/FCLK_CLK0 |                                                                                                                                                                            | zynq_interrupt_system_i/axi_gpio_1/U0/AXI_LITE_IPIF_I/I_SLAVE_ATTACHMENT/I_DECODER/Not_Dual.READ_REG_GEN[0].GPIO_DBus_i_reg[28]                       |                1 |              4 |
|  zynq_interrupt_system_i/processing_system7_0/inst/FCLK_CLK0 |                                                                                                                                                                            | zynq_interrupt_system_i/ps7_0_axi_periph/s00_couplers/auto_pc/inst/gen_axilite.gen_b2s_conv.axilite_b2s/SI_REG/aw_pipe/s_ready_i_reg_0                |                2 |              4 |
|  zynq_interrupt_system_i/processing_system7_0/inst/FCLK_CLK0 | zynq_interrupt_system_i/ps7_0_axi_periph/s00_couplers/auto_pc/inst/gen_axilite.gen_b2s_conv.axilite_b2s/WR.aw_channel_0/aw_cmd_fsm_0/E[0]                                  | zynq_interrupt_system_i/ps7_0_axi_periph/s00_couplers/auto_pc/inst/gen_axilite.gen_b2s_conv.axilite_b2s/WR.aw_channel_0/aw_cmd_fsm_0/axlen_cnt_reg[7] |                2 |              4 |
|  zynq_interrupt_system_i/processing_system7_0/inst/FCLK_CLK0 | zynq_interrupt_system_i/ps7_0_axi_periph/s00_couplers/auto_pc/inst/gen_axilite.gen_b2s_conv.axilite_b2s/RD.ar_channel_0/ar_cmd_fsm_0/axlen_cnt_reg[3][0]                   | zynq_interrupt_system_i/ps7_0_axi_periph/s00_couplers/auto_pc/inst/gen_axilite.gen_b2s_conv.axilite_b2s/RD.ar_channel_0/ar_cmd_fsm_0/axlen_cnt_reg[7] |                1 |              4 |
|  zynq_interrupt_system_i/processing_system7_0/inst/FCLK_CLK0 | zynq_interrupt_system_i/axi_timer_0/U0/AXI4_LITE_I/I_SLAVE_ATTACHMENT/bus2ip_addr_i[4]_i_1_n_0                                                                             | zynq_interrupt_system_i/axi_timer_0/U0/AXI4_LITE_I/I_SLAVE_ATTACHMENT/rst                                                                             |                1 |              4 |
|  zynq_interrupt_system_i/processing_system7_0/inst/FCLK_CLK0 | zynq_interrupt_system_i/axi_gpio_1/U0/AXI_LITE_IPIF_I/I_SLAVE_ATTACHMENT/I_DECODER/E[0]                                                                                    | zynq_interrupt_system_i/axi_gpio_1/U0/AXI_LITE_IPIF_I/I_SLAVE_ATTACHMENT/SR                                                                           |                1 |              4 |
|  zynq_interrupt_system_i/processing_system7_0/inst/FCLK_CLK0 | zynq_interrupt_system_i/axi_gpio_1/U0/AXI_LITE_IPIF_I/I_SLAVE_ATTACHMENT/I_DECODER/Not_Dual.gpio_OE_reg[0][0]                                                              | zynq_interrupt_system_i/axi_gpio_1/U0/AXI_LITE_IPIF_I/I_SLAVE_ATTACHMENT/SR                                                                           |                1 |              4 |
|  zynq_interrupt_system_i/processing_system7_0/inst/FCLK_CLK0 | zynq_interrupt_system_i/axi_timer_0/U0/AXI4_LITE_I/I_SLAVE_ATTACHMENT/I_DECODER/pair0_Select                                                                               | zynq_interrupt_system_i/axi_timer_0/U0/TC_CORE_I/GEN_SECOND_TIMER.COUNTER_1_I/COUNTER_I/SR[0]                                                         |                3 |              4 |
|  zynq_interrupt_system_i/processing_system7_0/inst/FCLK_CLK0 | zynq_interrupt_system_i/axi_gpio_1/U0/AXI_LITE_IPIF_I/I_SLAVE_ATTACHMENT/bus2ip_addr_i[8]_i_1_n_0                                                                          | zynq_interrupt_system_i/axi_gpio_1/U0/AXI_LITE_IPIF_I/I_SLAVE_ATTACHMENT/SR                                                                           |                1 |              4 |
|  zynq_interrupt_system_i/processing_system7_0/inst/FCLK_CLK0 | zynq_interrupt_system_i/axi_gpio_0/U0/AXI_LITE_IPIF_I/I_SLAVE_ATTACHMENT/s_axi_rdata_i                                                                                     | zynq_interrupt_system_i/axi_gpio_0/U0/bus2ip_reset                                                                                                    |                1 |              5 |
|  zynq_interrupt_system_i/processing_system7_0/inst/FCLK_CLK0 |                                                                                                                                                                            | zynq_interrupt_system_i/axi_timer_0/U0/TC_CORE_I/GEN_SECOND_TIMER.COUNTER_1_I/COUNTER_I/SR[0]                                                         |                2 |              5 |
|  zynq_interrupt_system_i/processing_system7_0/inst/FCLK_CLK0 |                                                                                                                                                                            | zynq_interrupt_system_i/rst_ps7_0_50M/U0/EXT_LPF/lpf_int                                                                                              |                1 |              5 |
|  zynq_interrupt_system_i/processing_system7_0/inst/FCLK_CLK0 |                                                                                                                                                                            | zynq_interrupt_system_i/axi_timer_0/U0/AXI4_LITE_I/I_SLAVE_ATTACHMENT/INCLUDE_DPHASE_TIMER.dpto_cnt[5]_i_1_n_0                                        |                2 |              6 |
|  zynq_interrupt_system_i/processing_system7_0/inst/FCLK_CLK0 | zynq_interrupt_system_i/rst_ps7_0_50M/U0/SEQ/seq_cnt_en                                                                                                                    | zynq_interrupt_system_i/rst_ps7_0_50M/U0/SEQ/SEQ_COUNTER/clear                                                                                        |                1 |              6 |
|  zynq_interrupt_system_i/processing_system7_0/inst/FCLK_CLK0 |                                                                                                                                                                            | zynq_interrupt_system_i/axi_timer_0/U0/AXI4_LITE_I/I_SLAVE_ATTACHMENT/rst                                                                             |                5 |              7 |
|  zynq_interrupt_system_i/processing_system7_0/inst/FCLK_CLK0 | zynq_interrupt_system_i/axi_timer_0/U0/AXI4_LITE_I/I_SLAVE_ATTACHMENT/start2                                                                                               | zynq_interrupt_system_i/axi_timer_0/U0/AXI4_LITE_I/I_SLAVE_ATTACHMENT/I_DECODER/cs_ce_clr                                                             |                3 |              7 |
|  zynq_interrupt_system_i/processing_system7_0/inst/FCLK_CLK0 | zynq_interrupt_system_i/axi_timer_0/U0/AXI4_LITE_I/I_SLAVE_ATTACHMENT/I_DECODER/bus2ip_wrce[0]                                                                             | zynq_interrupt_system_i/axi_timer_0/U0/TC_CORE_I/GEN_SECOND_TIMER.COUNTER_1_I/COUNTER_I/SR[0]                                                         |                3 |              8 |
|  zynq_interrupt_system_i/processing_system7_0/inst/FCLK_CLK0 | zynq_interrupt_system_i/axi_gpio_0/U0/AXI_LITE_IPIF_I/I_SLAVE_ATTACHMENT/start2_i_1_n_0                                                                                    | zynq_interrupt_system_i/axi_gpio_0/U0/bus2ip_reset                                                                                                    |                2 |              8 |
|  zynq_interrupt_system_i/processing_system7_0/inst/FCLK_CLK0 | zynq_interrupt_system_i/ps7_0_axi_periph/s00_couplers/auto_pc/inst/gen_axilite.gen_b2s_conv.axilite_b2s/WR.b_channel_0/mhandshake_r                                        | zynq_interrupt_system_i/ps7_0_axi_periph/s00_couplers/auto_pc/inst/gen_axilite.gen_b2s_conv.axilite_b2s/WR.b_channel_0/bid_fifo_0/SR[0]               |                3 |              8 |
|  zynq_interrupt_system_i/processing_system7_0/inst/FCLK_CLK0 | zynq_interrupt_system_i/axi_timer_0/U0/AXI4_LITE_I/I_SLAVE_ATTACHMENT/I_DECODER/bus2ip_wrce[1]                                                                             | zynq_interrupt_system_i/axi_timer_0/U0/TC_CORE_I/GEN_SECOND_TIMER.COUNTER_1_I/COUNTER_I/SR[0]                                                         |                4 |              9 |
|  zynq_interrupt_system_i/processing_system7_0/inst/FCLK_CLK0 | zynq_interrupt_system_i/ps7_0_axi_periph/s00_couplers/auto_pc/inst/gen_axilite.gen_b2s_conv.axilite_b2s/RD.ar_channel_0/ar_cmd_fsm_0/axaddr_incr_reg[11]                   |                                                                                                                                                       |                3 |             12 |
|  zynq_interrupt_system_i/processing_system7_0/inst/FCLK_CLK0 | zynq_interrupt_system_i/ps7_0_axi_periph/s00_couplers/auto_pc/inst/gen_axilite.gen_b2s_conv.axilite_b2s/RD.ar_channel_0/ar_cmd_fsm_0/E[0]                                  |                                                                                                                                                       |                5 |             12 |
|  zynq_interrupt_system_i/processing_system7_0/inst/FCLK_CLK0 | zynq_interrupt_system_i/ps7_0_axi_periph/s00_couplers/auto_pc/inst/gen_axilite.gen_b2s_conv.axilite_b2s/WR.aw_channel_0/aw_cmd_fsm_0/wrap_boundary_axaddr_r_reg[0][0]      |                                                                                                                                                       |                6 |             12 |
|  zynq_interrupt_system_i/processing_system7_0/inst/FCLK_CLK0 | zynq_interrupt_system_i/ps7_0_axi_periph/s00_couplers/auto_pc/inst/gen_axilite.gen_b2s_conv.axilite_b2s/WR.aw_channel_0/cmd_translator_0/incr_cmd_0/axaddr_incr[0]_i_1_n_0 |                                                                                                                                                       |                3 |             12 |
|  zynq_interrupt_system_i/processing_system7_0/inst/FCLK_CLK0 |                                                                                                                                                                            | zynq_interrupt_system_i/ps7_0_axi_periph/xbar/inst/gen_sasd.crossbar_sasd_0/addr_arbiter_inst/SR[0]                                                   |                6 |             13 |
|  zynq_interrupt_system_i/processing_system7_0/inst/FCLK_CLK0 | zynq_interrupt_system_i/ps7_0_axi_periph/s00_couplers/auto_pc/inst/gen_axilite.gen_b2s_conv.axilite_b2s/RD.r_channel_0/r_push_r                                            |                                                                                                                                                       |                4 |             13 |
|  zynq_interrupt_system_i/processing_system7_0/inst/FCLK_CLK0 | zynq_interrupt_system_i/ps7_0_axi_periph/s00_couplers/auto_pc/inst/gen_axilite.gen_b2s_conv.axilite_b2s/SI_REG/b_pipe/p_1_in                                               |                                                                                                                                                       |                2 |             14 |
|  zynq_interrupt_system_i/processing_system7_0/inst/FCLK_CLK0 | zynq_interrupt_system_i/ps7_0_axi_periph/s00_couplers/auto_pc/inst/gen_axilite.gen_b2s_conv.axilite_b2s/SI_REG/b_pipe/skid_buffer_reg[0]_0                                 |                                                                                                                                                       |                2 |             14 |
|  zynq_interrupt_system_i/processing_system7_0/inst/FCLK_CLK0 |                                                                                                                                                                            | zynq_interrupt_system_i/axi_gpio_1/U0/AXI_LITE_IPIF_I/I_SLAVE_ATTACHMENT/SR                                                                           |                6 |             15 |
|  zynq_interrupt_system_i/processing_system7_0/inst/FCLK_CLK0 | zynq_interrupt_system_i/ps7_0_axi_periph/s00_couplers/auto_pc/inst/gen_axilite.gen_b2s_conv.axilite_b2s/WR.aw_channel_0/aw_cmd_fsm_0/b_push                                |                                                                                                                                                       |                3 |             16 |
|  zynq_interrupt_system_i/processing_system7_0/inst/FCLK_CLK0 | zynq_interrupt_system_i/axi_gpio_0/U0/AXI_LITE_IPIF_I/I_SLAVE_ATTACHMENT/start2                                                                                            | zynq_interrupt_system_i/axi_gpio_0/U0/AXI_LITE_IPIF_I/I_SLAVE_ATTACHMENT/I_DECODER/GEN_BKEND_CE_REGISTERS[19].ce_out_i[19]_i_1_n_0                    |                8 |             17 |
|  zynq_interrupt_system_i/processing_system7_0/inst/FCLK_CLK0 | zynq_interrupt_system_i/ps7_0_axi_periph/s00_couplers/auto_pc/inst/gen_axilite.gen_b2s_conv.axilite_b2s/RD.ar_channel_0/ar_cmd_fsm_0/axlen_cnt_reg[3][0]                   |                                                                                                                                                       |                7 |             20 |
|  zynq_interrupt_system_i/processing_system7_0/inst/FCLK_CLK0 | zynq_interrupt_system_i/ps7_0_axi_periph/s00_couplers/auto_pc/inst/gen_axilite.gen_b2s_conv.axilite_b2s/WR.aw_channel_0/aw_cmd_fsm_0/E[0]                                  |                                                                                                                                                       |                7 |             20 |
|  zynq_interrupt_system_i/processing_system7_0/inst/FCLK_CLK0 | zynq_interrupt_system_i/ps7_0_axi_periph/xbar/inst/gen_sasd.crossbar_sasd_0/addr_arbiter_inst/p_0_in1_in                                                                   | zynq_interrupt_system_i/ps7_0_axi_periph/xbar/inst/gen_sasd.crossbar_sasd_0/addr_arbiter_inst/SR[0]                                                   |                9 |             23 |
|  zynq_interrupt_system_i/processing_system7_0/inst/FCLK_CLK0 | zynq_interrupt_system_i/axi_timer_0/U0/TC_CORE_I/TIMER_CONTROL_I/INPUT_DOUBLE_REGS3/E[0]                                                                                   | zynq_interrupt_system_i/axi_timer_0/U0/TC_CORE_I/GEN_SECOND_TIMER.COUNTER_1_I/COUNTER_I/SR[0]                                                         |                4 |             32 |
|  zynq_interrupt_system_i/processing_system7_0/inst/FCLK_CLK0 | zynq_interrupt_system_i/axi_timer_0/U0/TC_CORE_I/TIMER_CONTROL_I/CE_0                                                                                                      | zynq_interrupt_system_i/axi_timer_0/U0/TC_CORE_I/GEN_SECOND_TIMER.COUNTER_1_I/COUNTER_I/SR[0]                                                         |               13 |             32 |
|  zynq_interrupt_system_i/processing_system7_0/inst/FCLK_CLK0 | zynq_interrupt_system_i/axi_timer_0/U0/TC_CORE_I/TIMER_CONTROL_I/CE                                                                                                        | zynq_interrupt_system_i/axi_timer_0/U0/TC_CORE_I/GEN_SECOND_TIMER.COUNTER_1_I/COUNTER_I/SR[0]                                                         |               10 |             32 |
|  zynq_interrupt_system_i/processing_system7_0/inst/FCLK_CLK0 | zynq_interrupt_system_i/ps7_0_axi_periph/xbar/inst/gen_sasd.crossbar_sasd_0/reg_slice_r/aa_rready                                                                          |                                                                                                                                                       |                7 |             32 |
|  zynq_interrupt_system_i/processing_system7_0/inst/FCLK_CLK0 | zynq_interrupt_system_i/axi_timer_0/U0/AXI4_LITE_I/I_SLAVE_ATTACHMENT/s_axi_rdata_i                                                                                        | zynq_interrupt_system_i/axi_timer_0/U0/AXI4_LITE_I/I_SLAVE_ATTACHMENT/rst                                                                             |               32 |             32 |
|  zynq_interrupt_system_i/processing_system7_0/inst/FCLK_CLK0 | zynq_interrupt_system_i/axi_timer_0/U0/TC_CORE_I/TIMER_CONTROL_I/INPUT_DOUBLE_REGS3/INFERRED_GEN.icount_out_reg[0][0]                                                      | zynq_interrupt_system_i/axi_timer_0/U0/TC_CORE_I/GEN_SECOND_TIMER.COUNTER_1_I/COUNTER_I/SR[0]                                                         |                5 |             32 |
|  zynq_interrupt_system_i/processing_system7_0/inst/FCLK_CLK0 | zynq_interrupt_system_i/ps7_0_axi_periph/s00_couplers/auto_pc/inst/gen_axilite.gen_b2s_conv.axilite_b2s/RD.r_channel_0/rd_data_fifo_0/wr_en0                               |                                                                                                                                                       |                9 |             34 |
|  zynq_interrupt_system_i/processing_system7_0/inst/FCLK_CLK0 |                                                                                                                                                                            | zynq_interrupt_system_i/axi_gpio_0/U0/bus2ip_reset                                                                                                    |               10 |             35 |
|  zynq_interrupt_system_i/processing_system7_0/inst/FCLK_CLK0 | zynq_interrupt_system_i/ps7_0_axi_periph/xbar/inst/gen_sasd.crossbar_sasd_0/addr_arbiter_inst/E[0]                                                                         |                                                                                                                                                       |                8 |             35 |
|  zynq_interrupt_system_i/processing_system7_0/inst/FCLK_CLK0 | zynq_interrupt_system_i/ps7_0_axi_periph/s00_couplers/auto_pc/inst/gen_axilite.gen_b2s_conv.axilite_b2s/SI_REG/r_pipe/p_1_in                                               |                                                                                                                                                       |                9 |             47 |
|  zynq_interrupt_system_i/processing_system7_0/inst/FCLK_CLK0 | zynq_interrupt_system_i/ps7_0_axi_periph/s00_couplers/auto_pc/inst/gen_axilite.gen_b2s_conv.axilite_b2s/SI_REG/r_pipe/skid_buffer_reg[0]_0                                 |                                                                                                                                                       |                7 |             47 |
|  zynq_interrupt_system_i/processing_system7_0/inst/FCLK_CLK0 | zynq_interrupt_system_i/ps7_0_axi_periph/s00_couplers/auto_pc/inst/gen_axilite.gen_b2s_conv.axilite_b2s/RD.ar_channel_0/ar_cmd_fsm_0/m_payload_i_reg[0]_1[0]               |                                                                                                                                                       |               11 |             48 |
|  zynq_interrupt_system_i/processing_system7_0/inst/FCLK_CLK0 | zynq_interrupt_system_i/ps7_0_axi_periph/s00_couplers/auto_pc/inst/gen_axilite.gen_b2s_conv.axilite_b2s/SI_REG/ar_pipe/s_axi_arready                                       |                                                                                                                                                       |               11 |             48 |
|  zynq_interrupt_system_i/processing_system7_0/inst/FCLK_CLK0 | zynq_interrupt_system_i/ps7_0_axi_periph/s00_couplers/auto_pc/inst/gen_axilite.gen_b2s_conv.axilite_b2s/SI_REG/aw_pipe/s_axi_awready                                       |                                                                                                                                                       |               12 |             48 |
|  zynq_interrupt_system_i/processing_system7_0/inst/FCLK_CLK0 | zynq_interrupt_system_i/ps7_0_axi_periph/s00_couplers/auto_pc/inst/gen_axilite.gen_b2s_conv.axilite_b2s/WR.aw_channel_0/aw_cmd_fsm_0/m_payload_i_reg[0][0]                 |                                                                                                                                                       |                7 |             48 |
|  zynq_interrupt_system_i/processing_system7_0/inst/FCLK_CLK0 |                                                                                                                                                                            | zynq_interrupt_system_i/ps7_0_axi_periph/s00_couplers/auto_pc/inst/gen_axilite.gen_b2s_conv.axilite_b2s/areset_d1                                     |               11 |             57 |
|  zynq_interrupt_system_i/processing_system7_0/inst/FCLK_CLK0 |                                                                                                                                                                            |                                                                                                                                                       |               50 |            151 |
+--------------------------------------------------------------+----------------------------------------------------------------------------------------------------------------------------------------------------------------------------+-------------------------------------------------------------------------------------------------------------------------------------------------------+------------------+----------------+


+--------+-----------------------+
| Fanout | Number of ControlSets |
+--------+-----------------------+
| 1      |                     2 |
| 2      |                     1 |
| 4      |                    15 |
| 5      |                     3 |
| 6      |                     2 |
| 7      |                     2 |
| 8      |                     3 |
| 9      |                     1 |
| 12     |                     4 |
| 13     |                     2 |
| 14     |                     2 |
| 15     |                     1 |
| 16+    |                    22 |
+--------+-----------------------+


