06:18:14 INFO  : Registering command handlers for SDK TCF services
06:18:14 INFO  : Launching XSCT server: xsct.bat -interactive C:\Users\anyho\FPGA\Projects\SYSC3320\Labs\Lab5\zynq_interrupts\zynq_interrupts.sdk\temp_xsdb_launch_script.tcl
06:18:15 INFO  : XSCT server has started successfully.
06:18:15 INFO  : Successfully done setting XSCT server connection channel  
06:18:16 INFO  : Successfully done setting SDK workspace  
06:18:16 INFO  : Processing command line option -hwspec C:/Users/anyho/FPGA/Projects/SYSC3320/Labs/Lab5/zynq_interrupts/zynq_interrupts.sdk/zynq_interrupt_system_wrapper.hdf.
06:23:44 INFO  : Connected to target on host '127.0.0.1' and port '3121'.
06:23:49 INFO  : 'targets -set -filter {jtag_cable_name =~ "Digilent Zybo 210279A42B02A" && level==0} -index 1' command is executed.
06:23:49 ERROR : Cannot find memory context of target ARM_DAP
06:37:09 INFO  : Registering command handlers for SDK TCF services
06:37:09 INFO  : Launching XSCT server: xsct.bat -interactive C:\Users\anyho\FPGA\Projects\SYSC3320\Labs\Lab5\zynq_interrupts\zynq_interrupts.sdk\temp_xsdb_launch_script.tcl
06:37:11 INFO  : XSCT server has started successfully.
06:37:11 INFO  : Successfully done setting XSCT server connection channel  
06:37:12 INFO  : Successfully done setting SDK workspace  
06:37:12 INFO  : Processing command line option -hwspec C:/Users/anyho/FPGA/Projects/SYSC3320/Labs/Lab5/zynq_interrupts/zynq_interrupts.sdk/zynq_interrupt_system_wrapper.hdf.
06:37:12 INFO  : Checking for hwspec changes in the project zynq_interrupt_system_wrapper_hw_platform_0.
06:37:13 INFO  : SDK has detected change in the last modified timestamps for source hardware specification file Source:1618794387964,  Project:1618793171516
06:37:13 INFO  : The hardware specification for project 'zynq_interrupt_system_wrapper_hw_platform_0' is different from C:/Users/anyho/FPGA/Projects/SYSC3320/Labs/Lab5/zynq_interrupts/zynq_interrupts.sdk/zynq_interrupt_system_wrapper.hdf.
06:37:13 INFO  : Copied contents of C:/Users/anyho/FPGA/Projects/SYSC3320/Labs/Lab5/zynq_interrupts/zynq_interrupts.sdk/zynq_interrupt_system_wrapper.hdf into \zynq_interrupt_system_wrapper_hw_platform_0\system.hdf.
06:37:15 INFO  : Synchronizing projects in the workspace with the hardware platform specification changes.
06:37:17 INFO  : 
06:37:17 INFO  : Updating hardware inferred compiler options for interrupt_counter.
06:37:17 INFO  : Clearing existing target manager status.
06:40:15 INFO  : Connected to target on host '127.0.0.1' and port '3121'.
06:40:20 INFO  : 'targets -set -filter {jtag_cable_name =~ "Digilent Zybo 210279A42B02A" && level==0} -index 1' command is executed.
06:40:20 ERROR : Cannot find memory context of target ARM_DAP
06:40:33 INFO  : 'targets -set -filter {jtag_cable_name =~ "Digilent Zybo 210279A42B02A" && level==0} -index 1' command is executed.
06:40:33 INFO  : 'fpga -state' command is executed.
06:40:33 INFO  : Connected to target on host '127.0.0.1' and port '3121'.
06:40:33 INFO  : Jtag cable 'Digilent Zybo 210279A42B02A' is selected.
06:40:33 INFO  : 'jtag frequency' command is executed.
06:40:33 INFO  : Sourcing of 'C:/Users/anyho/FPGA/Projects/SYSC3320/Labs/Lab5/zynq_interrupts/zynq_interrupts.sdk/zynq_interrupt_system_wrapper_hw_platform_0/ps7_init.tcl' is done.
06:40:36 ERROR : no targets found with "name =~"APU*" && jtag_cable_name =~ "Digilent Zybo 210279A42B02A"". available targets:
  1  DAP (JTAG port open error. AP transaction error, DAP status 30000021)
  2* xc7z010
06:40:36 INFO  : ----------------XSDB Script----------------
connect -url tcp:127.0.0.1:3121
source C:/Users/anyho/FPGA/Projects/SYSC3320/Labs/Lab5/zynq_interrupts/zynq_interrupts.sdk/zynq_interrupt_system_wrapper_hw_platform_0/ps7_init.tcl
targets -set -nocase -filter {name =~"APU*" && jtag_cable_name =~ "Digilent Zybo 210279A42B02A"} -index 0
----------------End of Script----------------

06:41:44 ERROR : Unexpected error while parsing XMD response ?: com.google.gson.JsonSyntaxException: com.google.gson.stream.MalformedJsonException: invalid number or unquoted string near 
