22:59:24 INFO  : Registering command handlers for SDK TCF services
22:59:25 INFO  : Launching XSCT server: xsct.bat -interactive C:\Users\anyho\FPGA\Projects\SYSC3320\Labs\Lab3\first_zynq_design\first_zynq_design.sdk\temp_xsdb_launch_script.tcl
22:59:27 INFO  : XSCT server has started successfully.
22:59:28 INFO  : Successfully done setting XSCT server connection channel  
22:59:28 INFO  : Successfully done setting SDK workspace  
22:59:28 INFO  : Processing command line option -hwspec C:/Users/anyho/FPGA/Projects/SYSC3320/Labs/Lab3/first_zynq_design/first_zynq_design.sdk/first_zynq_system_wrapper.hdf.
23:08:43 INFO  : Connected to target on host '127.0.0.1' and port '3121'.
23:08:44 INFO  : 'targets -set -filter {jtag_cable_name =~ "Digilent Zybo 210279A42B02A" && level==0} -index 1' command is executed.
23:08:45 INFO  : FPGA configured successfully with bitstream "C:/Users/anyho/FPGA/Projects/SYSC3320/Labs/Lab3/first_zynq_design/first_zynq_design.sdk/first_zynq_system_wrapper_hw_platform_0/first_zynq_system_wrapper.bit"
23:10:00 ERROR : Unexpected error while launching program.
java.lang.RuntimeException: Error while running ps7_init method.
No Elf file associated with target


	at com.xilinx.sdk.targetmanager.internal.TM.run_ps7_init(TM.java:1089)
	at com.xilinx.sdk.debug.core.XilinxAppLaunchConfigurationDelegate.runTargetSetup(XilinxAppLaunchConfigurationDelegate.java:514)
	at com.xilinx.sdk.debug.core.XilinxAppLaunchConfigurationDelegate.runApplication(XilinxAppLaunchConfigurationDelegate.java:616)
	at com.xilinx.sdk.debug.core.XilinxAppLaunchConfigurationDelegate.launch(XilinxAppLaunchConfigurationDelegate.java:309)
	at com.xilinx.sdk.debug.ui.XilinxAppLaunchDelegateWrapper.launch(XilinxAppLaunchDelegateWrapper.java:31)
	at org.eclipse.debug.internal.core.LaunchConfiguration.launch(LaunchConfiguration.java:885)
	at org.eclipse.debug.internal.core.LaunchConfiguration.launch(LaunchConfiguration.java:739)
	at org.eclipse.debug.internal.ui.DebugUIPlugin.buildAndLaunch(DebugUIPlugin.java:1039)
	at org.eclipse.debug.internal.ui.DebugUIPlugin$8.run(DebugUIPlugin.java:1256)
	at org.eclipse.core.internal.jobs.Worker.run(Worker.java:55)
23:10:43 INFO  : 'targets -set -filter {jtag_cable_name =~ "Digilent Zybo 210279A42B02A" && level==0} -index 1' command is executed.
23:10:43 INFO  : 'fpga -state' command is executed.
23:10:43 INFO  : Connected to target on host '127.0.0.1' and port '3121'.
23:10:43 INFO  : Jtag cable 'Digilent Zybo 210279A42B02A' is selected.
23:10:43 INFO  : 'jtag frequency' command is executed.
23:10:43 INFO  : Sourcing of 'C:/Users/anyho/FPGA/Projects/SYSC3320/Labs/Lab3/first_zynq_design/first_zynq_design.sdk/first_zynq_system_wrapper_hw_platform_0/ps7_init.tcl' is done.
23:10:43 INFO  : Context for 'APU' is selected.
23:10:43 INFO  : Hardware design information is loaded from 'C:/Users/anyho/FPGA/Projects/SYSC3320/Labs/Lab3/first_zynq_design/first_zynq_design.sdk/first_zynq_system_wrapper_hw_platform_0/system.hdf'.
23:10:43 INFO  : Context for 'APU' is selected.
23:10:43 INFO  : 'stop' command is executed.
23:10:43 INFO  : 'ps7_init' command is executed.
23:10:43 INFO  : 'ps7_post_config' command is executed.
23:10:43 INFO  : Context for processor 'ps7_cortexa9_0' is selected.
23:10:44 INFO  : Processor reset is completed for 'ps7_cortexa9_0'.
23:10:44 INFO  : Context for processor 'ps7_cortexa9_0' is selected.
23:10:44 INFO  : The application 'C:/Users/anyho/FPGA/Projects/SYSC3320/Labs/Lab3/first_zynq_design/first_zynq_design.sdk/LED_test/Debug/LED_test.elf' is downloaded to processor 'ps7_cortexa9_0'.
23:10:44 INFO  : ----------------XSDB Script----------------
connect -url tcp:127.0.0.1:3121
source C:/Users/anyho/FPGA/Projects/SYSC3320/Labs/Lab3/first_zynq_design/first_zynq_design.sdk/first_zynq_system_wrapper_hw_platform_0/ps7_init.tcl
targets -set -nocase -filter {name =~"APU*" && jtag_cable_name =~ "Digilent Zybo 210279A42B02A"} -index 0
loadhw C:/Users/anyho/FPGA/Projects/SYSC3320/Labs/Lab3/first_zynq_design/first_zynq_design.sdk/first_zynq_system_wrapper_hw_platform_0/system.hdf
targets -set -nocase -filter {name =~"APU*" && jtag_cable_name =~ "Digilent Zybo 210279A42B02A"} -index 0
stop
ps7_init
ps7_post_config
targets -set -nocase -filter {name =~ "ARM*#0" && jtag_cable_name =~ "Digilent Zybo 210279A42B02A"} -index 0
rst -processor
targets -set -nocase -filter {name =~ "ARM*#0" && jtag_cable_name =~ "Digilent Zybo 210279A42B02A"} -index 0
dow C:/Users/anyho/FPGA/Projects/SYSC3320/Labs/Lab3/first_zynq_design/first_zynq_design.sdk/LED_test/Debug/LED_test.elf
----------------End of Script----------------

23:10:44 INFO  : Memory regions updated for context APU
23:10:44 INFO  : Context for processor 'ps7_cortexa9_0' is selected.
23:10:44 INFO  : 'con' command is executed.
23:10:44 INFO  : ----------------XSDB Script (After Launch)----------------
targets -set -nocase -filter {name =~ "ARM*#0" && jtag_cable_name =~ "Digilent Zybo 210279A42B02A"} -index 0
con
----------------End of Script----------------

23:10:44 INFO  : Launch script is exported to file 'C:\Users\anyho\FPGA\Projects\SYSC3320\Labs\Lab3\first_zynq_design\first_zynq_design.sdk\.sdk\launch_scripts\xilinx_c-c++_application_(system_debugger)\system_debugger_using_debug_led_test.elf_on_local.tcl'
23:35:32 INFO  : Disconnected from the channel tcfchan#1.
23:35:35 ERROR : Unexpected error while parsing XMD response ?: com.google.gson.JsonSyntaxException: com.google.gson.stream.MalformedJsonException: invalid number or unquoted string near 
