
*** Running vivado
    with args -log Top_Decoder_2_to_4.vds -m64 -product Vivado -mode batch -messageDb vivado.pb -notrace -source Top_Decoder_2_to_4.tcl


****** Vivado v2016.4 (64-bit)
  **** SW Build 1756540 on Mon Jan 23 19:11:23 MST 2017
  **** IP Build 1755317 on Mon Jan 23 20:30:07 MST 2017
    ** Copyright 1986-2016 Xilinx, Inc. All Rights Reserved.

source Top_Decoder_2_to_4.tcl -notrace
Command: synth_design -top Top_Decoder_2_to_4 -part xc7z010clg400-1
Starting synth_design
Attempting to get a license for feature 'Synthesis' and/or device 'xc7z010'
INFO: [Common 17-349] Got license for feature 'Synthesis' and/or device 'xc7z010'
INFO: Launching helper process for spawning children vivado processes
INFO: Helper process launched with PID 82252 
---------------------------------------------------------------------------------
Starting RTL Elaboration : Time (s): cpu = 00:00:06 ; elapsed = 00:00:10 . Memory (MB): peak = 324.762 ; gain = 114.539
---------------------------------------------------------------------------------
INFO: [Synth 8-638] synthesizing module 'Top_Decoder_2_to_4' [C:/Users/anyho/FPGA/Projects/SYSC3320/Lab2_Decoder_2_4/Lab2_Decoder_2_4.srcs/sources_1/new/Top_Decoder_2_to_4.vhd:40]
INFO: [Synth 8-3491] module 'Decoder_2_to_4' declared at 'C:/Users/anyho/FPGA/Projects/SYSC3320/Lab2_Decoder_2_4/Lab2_Decoder_2_4.srcs/sources_1/new/Decoder_2_to_4.vhd:34' bound to instance 'D1' of component 'Decoder_2_to_4' [C:/Users/anyho/FPGA/Projects/SYSC3320/Lab2_Decoder_2_4/Lab2_Decoder_2_4.srcs/sources_1/new/Top_Decoder_2_to_4.vhd:64]
INFO: [Synth 8-638] synthesizing module 'Decoder_2_to_4' [C:/Users/anyho/FPGA/Projects/SYSC3320/Lab2_Decoder_2_4/Lab2_Decoder_2_4.srcs/sources_1/new/Decoder_2_to_4.vhd:44]
INFO: [Synth 8-256] done synthesizing module 'Decoder_2_to_4' (1#1) [C:/Users/anyho/FPGA/Projects/SYSC3320/Lab2_Decoder_2_4/Lab2_Decoder_2_4.srcs/sources_1/new/Decoder_2_to_4.vhd:44]
INFO: [Synth 8-256] done synthesizing module 'Top_Decoder_2_to_4' (2#1) [C:/Users/anyho/FPGA/Projects/SYSC3320/Lab2_Decoder_2_4/Lab2_Decoder_2_4.srcs/sources_1/new/Top_Decoder_2_to_4.vhd:40]
WARNING: [Synth 8-3331] design Top_Decoder_2_to_4 has unconnected port btn[3]
WARNING: [Synth 8-3331] design Top_Decoder_2_to_4 has unconnected port btn[2]
WARNING: [Synth 8-3331] design Top_Decoder_2_to_4 has unconnected port btn[1]
WARNING: [Synth 8-3331] design Top_Decoder_2_to_4 has unconnected port btn[0]
WARNING: [Synth 8-3331] design Top_Decoder_2_to_4 has unconnected port sw[3]
WARNING: [Synth 8-3331] design Top_Decoder_2_to_4 has unconnected port sw[2]
WARNING: [Synth 8-3331] design Top_Decoder_2_to_4 has unconnected port sw[1]
WARNING: [Synth 8-3331] design Top_Decoder_2_to_4 has unconnected port sw[0]
---------------------------------------------------------------------------------
Finished RTL Elaboration : Time (s): cpu = 00:00:07 ; elapsed = 00:00:10 . Memory (MB): peak = 362.105 ; gain = 151.883
---------------------------------------------------------------------------------

Report Check Netlist: 
+------+------------------+-------+---------+-------+------------------+
|      |Item              |Errors |Warnings |Status |Description       |
+------+------------------+-------+---------+-------+------------------+
|1     |multi_driven_nets |      0|        0|Passed |Multi driven nets |
+------+------------------+-------+---------+-------+------------------+
---------------------------------------------------------------------------------
Finished RTL Optimization Phase 1 : Time (s): cpu = 00:00:07 ; elapsed = 00:00:11 . Memory (MB): peak = 362.105 ; gain = 151.883
---------------------------------------------------------------------------------
INFO: [Device 21-403] Loading part xc7z010clg400-1
INFO: [Project 1-570] Preparing netlist for logic optimization

Processing XDC Constraints
Initializing timing engine
Parsing XDC File [C:/Users/anyho/FPGA/Projects/SYSC3320/Lab2_Decoder_2_4/Lab2_Decoder_2_4.srcs/constrs_1/new/Zybo_board_IO_mapping.xdc]
WARNING: [Vivado 12-507] No nets matched 'btn_IBUF[0]'. [C:/Users/anyho/FPGA/Projects/SYSC3320/Lab2_Decoder_2_4/Lab2_Decoder_2_4.srcs/constrs_1/new/Zybo_board_IO_mapping.xdc:2]
CRITICAL WARNING: [Common 17-55] 'set_property' expects at least one object. [C:/Users/anyho/FPGA/Projects/SYSC3320/Lab2_Decoder_2_4/Lab2_Decoder_2_4.srcs/constrs_1/new/Zybo_board_IO_mapping.xdc:2]
Resolution: If [get_<value>] was used to populate the object, check to make sure this command returns at least one valid object.
Finished Parsing XDC File [C:/Users/anyho/FPGA/Projects/SYSC3320/Lab2_Decoder_2_4/Lab2_Decoder_2_4.srcs/constrs_1/new/Zybo_board_IO_mapping.xdc]
INFO: [Project 1-236] Implementation specific constraints were found while reading constraint file [C:/Users/anyho/FPGA/Projects/SYSC3320/Lab2_Decoder_2_4/Lab2_Decoder_2_4.srcs/constrs_1/new/Zybo_board_IO_mapping.xdc]. These constraints will be ignored for synthesis but will be used in implementation. Impacted constraints are listed in the file [.Xil/Top_Decoder_2_to_4_propImpl.xdc].
Resolution: To avoid this warning, move constraints listed in [.Xil/Top_Decoder_2_to_4_propImpl.xdc] to another XDC file and exclude this new file from synthesis with the used_in_synthesis property (File Properties dialog in GUI) and re-run elaboration/synthesis.
Completed Processing XDC Constraints

INFO: [Project 1-111] Unisim Transformation Summary:
No Unisim elements were transformed.

Constraint Validation Runtime : Time (s): cpu = 00:00:00 ; elapsed = 00:00:00.003 . Memory (MB): peak = 614.738 ; gain = 0.000
---------------------------------------------------------------------------------
Finished Constraint Validation : Time (s): cpu = 00:00:14 ; elapsed = 00:00:19 . Memory (MB): peak = 614.738 ; gain = 404.516
---------------------------------------------------------------------------------
---------------------------------------------------------------------------------
Start Loading Part and Timing Information
---------------------------------------------------------------------------------
Loading part: xc7z010clg400-1
---------------------------------------------------------------------------------
Finished Loading Part and Timing Information : Time (s): cpu = 00:00:14 ; elapsed = 00:00:19 . Memory (MB): peak = 614.738 ; gain = 404.516
---------------------------------------------------------------------------------
---------------------------------------------------------------------------------
Start Applying 'set_property' XDC Constraints
---------------------------------------------------------------------------------
---------------------------------------------------------------------------------
Finished applying 'set_property' XDC Constraints : Time (s): cpu = 00:00:14 ; elapsed = 00:00:19 . Memory (MB): peak = 614.738 ; gain = 404.516
---------------------------------------------------------------------------------
---------------------------------------------------------------------------------
Finished RTL Optimization Phase 2 : Time (s): cpu = 00:00:14 ; elapsed = 00:00:19 . Memory (MB): peak = 614.738 ; gain = 404.516
---------------------------------------------------------------------------------

Report RTL Partitions: 
+-+--------------+------------+----------+
| |RTL Partition |Replication |Instances |
+-+--------------+------------+----------+
+-+--------------+------------+----------+
---------------------------------------------------------------------------------
Start RTL Component Statistics 
---------------------------------------------------------------------------------
Detailed RTL Component Info : 
---------------------------------------------------------------------------------
Finished RTL Component Statistics 
---------------------------------------------------------------------------------
---------------------------------------------------------------------------------
Start RTL Hierarchical Component Statistics 
---------------------------------------------------------------------------------
Hierarchical RTL Component report 
---------------------------------------------------------------------------------
Finished RTL Hierarchical Component Statistics
---------------------------------------------------------------------------------
---------------------------------------------------------------------------------
Start Part Resource Summary
---------------------------------------------------------------------------------
Part Resources:
DSPs: 80 (col length:40)
BRAMs: 120 (col length: RAMB18 40 RAMB36 20)
---------------------------------------------------------------------------------
Finished Part Resource Summary
---------------------------------------------------------------------------------
---------------------------------------------------------------------------------
Start Cross Boundary and Area Optimization
---------------------------------------------------------------------------------
WARNING: [Synth 8-3331] design Top_Decoder_2_to_4 has unconnected port btn[3]
WARNING: [Synth 8-3331] design Top_Decoder_2_to_4 has unconnected port btn[2]
WARNING: [Synth 8-3331] design Top_Decoder_2_to_4 has unconnected port btn[1]
WARNING: [Synth 8-3331] design Top_Decoder_2_to_4 has unconnected port btn[0]
WARNING: [Synth 8-3331] design Top_Decoder_2_to_4 has unconnected port sw[3]
WARNING: [Synth 8-3331] design Top_Decoder_2_to_4 has unconnected port sw[2]
WARNING: [Synth 8-3331] design Top_Decoder_2_to_4 has unconnected port sw[1]
WARNING: [Synth 8-3331] design Top_Decoder_2_to_4 has unconnected port sw[0]
---------------------------------------------------------------------------------
Finished Cross Boundary and Area Optimization : Time (s): cpu = 00:00:15 ; elapsed = 00:00:19 . Memory (MB): peak = 614.738 ; gain = 404.516
---------------------------------------------------------------------------------

Report RTL Partitions: 
+-+--------------+------------+----------+
| |RTL Partition |Replication |Instances |
+-+--------------+------------+----------+
+-+--------------+------------+----------+
---------------------------------------------------------------------------------
Start Timing Optimization
---------------------------------------------------------------------------------
---------------------------------------------------------------------------------
Start Applying XDC Timing Constraints
---------------------------------------------------------------------------------
---------------------------------------------------------------------------------
Finished Applying XDC Timing Constraints : Time (s): cpu = 00:00:24 ; elapsed = 00:00:29 . Memory (MB): peak = 614.738 ; gain = 404.516
---------------------------------------------------------------------------------
---------------------------------------------------------------------------------
Finished Timing Optimization : Time (s): cpu = 00:00:24 ; elapsed = 00:00:29 . Memory (MB): peak = 614.738 ; gain = 404.516
---------------------------------------------------------------------------------

Report RTL Partitions: 
+-+--------------+------------+----------+
| |RTL Partition |Replication |Instances |
+-+--------------+------------+----------+
+-+--------------+------------+----------+
---------------------------------------------------------------------------------
Start Technology Mapping
---------------------------------------------------------------------------------
---------------------------------------------------------------------------------
Finished Technology Mapping : Time (s): cpu = 00:00:24 ; elapsed = 00:00:29 . Memory (MB): peak = 618.434 ; gain = 408.211
---------------------------------------------------------------------------------

Report RTL Partitions: 
+-+--------------+------------+----------+
| |RTL Partition |Replication |Instances |
+-+--------------+------------+----------+
+-+--------------+------------+----------+
---------------------------------------------------------------------------------
Start IO Insertion
---------------------------------------------------------------------------------
---------------------------------------------------------------------------------
Start Flattening Before IO Insertion
---------------------------------------------------------------------------------
---------------------------------------------------------------------------------
Finished Flattening Before IO Insertion
---------------------------------------------------------------------------------
---------------------------------------------------------------------------------
Start Final Netlist Cleanup
---------------------------------------------------------------------------------
---------------------------------------------------------------------------------
Finished Final Netlist Cleanup
---------------------------------------------------------------------------------
---------------------------------------------------------------------------------
Finished IO Insertion : Time (s): cpu = 00:00:24 ; elapsed = 00:00:29 . Memory (MB): peak = 618.434 ; gain = 408.211
---------------------------------------------------------------------------------

Report Check Netlist: 
+------+------------------+-------+---------+-------+------------------+
|      |Item              |Errors |Warnings |Status |Description       |
+------+------------------+-------+---------+-------+------------------+
|1     |multi_driven_nets |      0|        0|Passed |Multi driven nets |
+------+------------------+-------+---------+-------+------------------+
---------------------------------------------------------------------------------
Start Renaming Generated Instances
---------------------------------------------------------------------------------
---------------------------------------------------------------------------------
Finished Renaming Generated Instances : Time (s): cpu = 00:00:24 ; elapsed = 00:00:29 . Memory (MB): peak = 618.434 ; gain = 408.211
---------------------------------------------------------------------------------

Report RTL Partitions: 
+-+--------------+------------+----------+
| |RTL Partition |Replication |Instances |
+-+--------------+------------+----------+
+-+--------------+------------+----------+
---------------------------------------------------------------------------------
Start Rebuilding User Hierarchy
---------------------------------------------------------------------------------
---------------------------------------------------------------------------------
Finished Rebuilding User Hierarchy : Time (s): cpu = 00:00:24 ; elapsed = 00:00:29 . Memory (MB): peak = 618.434 ; gain = 408.211
---------------------------------------------------------------------------------
---------------------------------------------------------------------------------
Start Renaming Generated Ports
---------------------------------------------------------------------------------
---------------------------------------------------------------------------------
Finished Renaming Generated Ports : Time (s): cpu = 00:00:24 ; elapsed = 00:00:29 . Memory (MB): peak = 618.434 ; gain = 408.211
---------------------------------------------------------------------------------
---------------------------------------------------------------------------------
Start Handling Custom Attributes
---------------------------------------------------------------------------------
---------------------------------------------------------------------------------
Finished Handling Custom Attributes : Time (s): cpu = 00:00:24 ; elapsed = 00:00:29 . Memory (MB): peak = 618.434 ; gain = 408.211
---------------------------------------------------------------------------------
---------------------------------------------------------------------------------
Start Renaming Generated Nets
---------------------------------------------------------------------------------
---------------------------------------------------------------------------------
Finished Renaming Generated Nets : Time (s): cpu = 00:00:24 ; elapsed = 00:00:29 . Memory (MB): peak = 618.434 ; gain = 408.211
---------------------------------------------------------------------------------
---------------------------------------------------------------------------------
Start Writing Synthesis Report
---------------------------------------------------------------------------------

Report BlackBoxes: 
+-+--------------+----------+
| |BlackBox name |Instances |
+-+--------------+----------+
+-+--------------+----------+

Report Cell Usage: 
+------+-----+------+
|      |Cell |Count |
+------+-----+------+
|1     |OBUF |     4|
+------+-----+------+

Report Instance Areas: 
+------+---------+-------+------+
|      |Instance |Module |Cells |
+------+---------+-------+------+
|1     |top      |       |     4|
+------+---------+-------+------+
---------------------------------------------------------------------------------
Finished Writing Synthesis Report : Time (s): cpu = 00:00:24 ; elapsed = 00:00:29 . Memory (MB): peak = 618.434 ; gain = 408.211
---------------------------------------------------------------------------------
Synthesis finished with 0 errors, 0 critical warnings and 8 warnings.
Synthesis Optimization Runtime : Time (s): cpu = 00:00:13 ; elapsed = 00:00:17 . Memory (MB): peak = 618.434 ; gain = 116.551
Synthesis Optimization Complete : Time (s): cpu = 00:00:24 ; elapsed = 00:00:29 . Memory (MB): peak = 618.434 ; gain = 408.211
INFO: [Project 1-571] Translating synthesized netlist
INFO: [Project 1-570] Preparing netlist for logic optimization
INFO: [Opt 31-138] Pushed 0 inverter(s) to 0 load pin(s).
INFO: [Project 1-111] Unisim Transformation Summary:
No Unisim elements were transformed.

INFO: [Common 17-83] Releasing license: Synthesis
17 Infos, 17 Warnings, 1 Critical Warnings and 0 Errors encountered.
synth_design completed successfully
synth_design: Time (s): cpu = 00:00:22 ; elapsed = 00:00:24 . Memory (MB): peak = 631.172 ; gain = 390.977
INFO: [Common 17-1381] The checkpoint 'C:/Users/anyho/FPGA/Projects/SYSC3320/Lab2_Decoder_2_4/Lab2_Decoder_2_4.runs/synth_1/Top_Decoder_2_to_4.dcp' has been generated.
report_utilization: Time (s): cpu = 00:00:00 ; elapsed = 00:00:00.013 . Memory (MB): peak = 631.172 ; gain = 0.000
INFO: [Common 17-206] Exiting Vivado at Mon Apr 05 18:16:09 2021...
