05:01:17 INFO  : Registering command handlers for SDK TCF services
05:01:18 INFO  : Launching XSCT server: xsct.bat -interactive C:\Users\anyho\FPGA\Projects\SYSC3320\Labs\Lab4\led_controller\led_controller.sdk\temp_xsdb_launch_script.tcl
05:01:20 INFO  : XSCT server has started successfully.
05:01:21 INFO  : Successfully done setting XSCT server connection channel  
05:01:21 INFO  : Successfully done setting SDK workspace  
05:01:21 INFO  : Processing command line option -hwspec C:/Users/anyho/FPGA/Projects/SYSC3320/Labs/Lab4/led_controller/led_controller.sdk/led_test_system_wrapper.hdf.
05:03:41 INFO  : Saving repository preferences.
05:03:41 INFO  : Reading in cores from local repositories: 
		 C:\Users\anyho\FPGA\Projects\SYSC3320\Labs\Lab4\ip_repo\led_controller_1.0
05:03:41 INFO  : Cleaning BSP projects in the workspace.
05:05:21 INFO  : No changes in MSS file content so not generating sources.
05:07:12 INFO  : Connected to target on host '127.0.0.1' and port '3121'.
05:07:13 INFO  : 'targets -set -filter {jtag_cable_name =~ "Digilent Zybo 210279A42B02A" && level==0} -index 1' command is executed.
05:07:14 INFO  : FPGA configured successfully with bitstream "C:/Users/anyho/FPGA/Projects/SYSC3320/Labs/Lab4/led_controller/led_controller.sdk/led_test_system_wrapper_hw_platform_0/led_test_system_wrapper.bit"
05:09:36 ERROR : Unexpected error while launching program.
java.lang.RuntimeException: Error while running ps7_init method.
No Elf file associated with target


	at com.xilinx.sdk.targetmanager.internal.TM.run_ps7_init(TM.java:1089)
	at com.xilinx.sdk.debug.core.XilinxAppLaunchConfigurationDelegate.runTargetSetup(XilinxAppLaunchConfigurationDelegate.java:514)
	at com.xilinx.sdk.debug.core.XilinxAppLaunchConfigurationDelegate.runApplication(XilinxAppLaunchConfigurationDelegate.java:616)
	at com.xilinx.sdk.debug.core.XilinxAppLaunchConfigurationDelegate.launch(XilinxAppLaunchConfigurationDelegate.java:309)
	at com.xilinx.sdk.debug.ui.XilinxAppLaunchDelegateWrapper.launch(XilinxAppLaunchDelegateWrapper.java:31)
	at org.eclipse.debug.internal.core.LaunchConfiguration.launch(LaunchConfiguration.java:885)
	at org.eclipse.debug.internal.core.LaunchConfiguration.launch(LaunchConfiguration.java:739)
	at org.eclipse.debug.internal.ui.DebugUIPlugin.buildAndLaunch(DebugUIPlugin.java:1039)
	at org.eclipse.debug.internal.ui.DebugUIPlugin$8.run(DebugUIPlugin.java:1256)
	at org.eclipse.core.internal.jobs.Worker.run(Worker.java:55)
05:10:05 INFO  : 'targets -set -filter {jtag_cable_name =~ "Digilent Zybo 210279A42B02A" && level==0} -index 1' command is executed.
05:10:05 INFO  : 'fpga -state' command is executed.
05:10:05 INFO  : Connected to target on host '127.0.0.1' and port '3121'.
05:10:05 INFO  : Jtag cable 'Digilent Zybo 210279A42B02A' is selected.
05:10:05 INFO  : 'jtag frequency' command is executed.
05:10:05 INFO  : Sourcing of 'C:/Users/anyho/FPGA/Projects/SYSC3320/Labs/Lab4/led_controller/led_controller.sdk/led_test_system_wrapper_hw_platform_0/ps7_init.tcl' is done.
05:10:05 INFO  : Context for 'APU' is selected.
05:10:05 INFO  : Hardware design information is loaded from 'C:/Users/anyho/FPGA/Projects/SYSC3320/Labs/Lab4/led_controller/led_controller.sdk/led_test_system_wrapper_hw_platform_0/system.hdf'.
05:10:05 INFO  : Context for 'APU' is selected.
05:10:05 INFO  : 'stop' command is executed.
05:10:05 INFO  : 'ps7_init' command is executed.
05:10:05 INFO  : 'ps7_post_config' command is executed.
05:10:05 INFO  : Context for processor 'ps7_cortexa9_0' is selected.
05:10:05 INFO  : Processor reset is completed for 'ps7_cortexa9_0'.
05:10:05 INFO  : Context for processor 'ps7_cortexa9_0' is selected.
05:10:05 INFO  : The application 'C:/Users/anyho/FPGA/Projects/SYSC3320/Labs/Lab4/led_controller/led_controller.sdk/LED_Controller_test/Debug/LED_Controller_test.elf' is downloaded to processor 'ps7_cortexa9_0'.
05:10:05 INFO  : ----------------XSDB Script----------------
connect -url tcp:127.0.0.1:3121
source C:/Users/anyho/FPGA/Projects/SYSC3320/Labs/Lab4/led_controller/led_controller.sdk/led_test_system_wrapper_hw_platform_0/ps7_init.tcl
targets -set -nocase -filter {name =~"APU*" && jtag_cable_name =~ "Digilent Zybo 210279A42B02A"} -index 0
loadhw C:/Users/anyho/FPGA/Projects/SYSC3320/Labs/Lab4/led_controller/led_controller.sdk/led_test_system_wrapper_hw_platform_0/system.hdf
targets -set -nocase -filter {name =~"APU*" && jtag_cable_name =~ "Digilent Zybo 210279A42B02A"} -index 0
stop
ps7_init
ps7_post_config
targets -set -nocase -filter {name =~ "ARM*#0" && jtag_cable_name =~ "Digilent Zybo 210279A42B02A"} -index 0
rst -processor
targets -set -nocase -filter {name =~ "ARM*#0" && jtag_cable_name =~ "Digilent Zybo 210279A42B02A"} -index 0
dow C:/Users/anyho/FPGA/Projects/SYSC3320/Labs/Lab4/led_controller/led_controller.sdk/LED_Controller_test/Debug/LED_Controller_test.elf
----------------End of Script----------------

05:10:05 INFO  : Memory regions updated for context APU
05:10:06 INFO  : Context for processor 'ps7_cortexa9_0' is selected.
05:10:06 INFO  : 'con' command is executed.
05:10:06 INFO  : ----------------XSDB Script (After Launch)----------------
targets -set -nocase -filter {name =~ "ARM*#0" && jtag_cable_name =~ "Digilent Zybo 210279A42B02A"} -index 0
con
----------------End of Script----------------

05:10:06 INFO  : Launch script is exported to file 'C:\Users\anyho\FPGA\Projects\SYSC3320\Labs\Lab4\led_controller\led_controller.sdk\.sdk\launch_scripts\xilinx_c-c++_application_(system_debugger)\system_debugger_using_debug_led_controller_test.elf_on_local.tcl'
05:12:34 INFO  : Disconnected from the channel tcfchan#1.
05:12:37 ERROR : Unexpected error while parsing XMD response ?: com.google.gson.JsonSyntaxException: com.google.gson.stream.MalformedJsonException: invalid number or unquoted string near 
05:43:35 INFO  : Registering command handlers for SDK TCF services
05:43:35 INFO  : Launching XSCT server: xsct.bat -interactive C:\Users\anyho\FPGA\Projects\SYSC3320\Labs\Lab4\led_controller\led_controller.sdk\temp_xsdb_launch_script.tcl
05:43:37 INFO  : XSCT server has started successfully.
05:43:38 INFO  : Successfully done setting XSCT server connection channel  
05:43:38 INFO  : Successfully done setting SDK workspace  
05:43:38 INFO  : Restoring local repository preferences: 
		 C:\Users\anyho\FPGA\Projects\SYSC3320\Labs\Lab4\ip_repo\led_controller_1.0
05:43:38 INFO  : Processing command line option -hwspec C:/Users/anyho/FPGA/Projects/SYSC3320/Labs/Lab4/led_controller/led_controller.sdk/led_test_system_wrapper.hdf.
05:43:38 INFO  : Checking for hwspec changes in the project led_test_system_wrapper_hw_platform_0.
05:43:39 INFO  : SDK has detected change in the last modified timestamps for source hardware specification file Source:1618790956437,  Project:1618788497976
05:43:39 INFO  : The hardware specification for project 'led_test_system_wrapper_hw_platform_0' is different from C:/Users/anyho/FPGA/Projects/SYSC3320/Labs/Lab4/led_controller/led_controller.sdk/led_test_system_wrapper.hdf.
05:43:39 INFO  : Copied contents of C:/Users/anyho/FPGA/Projects/SYSC3320/Labs/Lab4/led_controller/led_controller.sdk/led_test_system_wrapper.hdf into \led_test_system_wrapper_hw_platform_0\system.hdf.
05:43:41 INFO  : Synchronizing projects in the workspace with the hardware platform specification changes.
05:43:42 ERROR : (XSDB Server)ERROR: [Hsi 55-1433] Error boost::filesystem::directory_iterator::construct: Access is denied: "C:/Users/anyho/AppData/Local/Temp\WHT97FD.tmp.dir"

05:43:42 ERROR : (XSDB Server)ERROR: [Hsi 55-1433] Error boost::filesystem::directory_iterator::construct: Access is denied: "C:/Users/anyho/AppData/Local/Temp\{EA977A56-9030-471A-B2E1-04E1240E9570}~setup"

05:43:42 ERROR : Failed to call sync_sw_with_hw_change
Reason: ERROR: [Common 17-39] 'hsi::open_sw_design' failed due to earlier errors.

05:43:42 ERROR : Error updating BSP project MSS files.
05:43:42 INFO  : Updating hardware inferred compiler options for LED_Controller_test.
05:43:42 INFO  : Clearing existing target manager status.
05:46:19 INFO  : Saving repository preferences.
05:46:33 ERROR : (XSDB Server)ERROR: [Hsi 55-1558] Software Design system system is not found

05:46:33 ERROR :  [Common 17-39] 'hsi::current_sw_design' failed due to earlier errors.
05:46:33 ERROR : (XSDB Server)ERROR: [Hsi 55-1558] Software Design system system is not found

05:46:33 INFO  : Unable to read in MSS file C:\Users\anyho\FPGA\Projects\SYSC3320\Labs\Lab4\led_controller\led_controller.sdk\LED_Controller_test_bsp\system.mss : null
05:46:33 ERROR : (XSDB Server)ERROR: [Hsi 55-1558] Software Design system system is not found

05:46:33 ERROR : (XSDB Server)ERROR: [Hsi 55-1558] Software Design system system is not found

05:46:34 ERROR : (XSDB Server)ERROR: [Hsi 55-1558] Software Design system system is not found

05:46:34 ERROR :  [Common 17-39] 'hsi::current_sw_design' failed due to earlier errors.
05:46:34 ERROR : (XSDB Server)ERROR: [Hsi 55-1558] Software Design system system is not found

05:46:34 INFO  : Unable to read in MSS file C:\Users\anyho\FPGA\Projects\SYSC3320\Labs\Lab4\led_controller\led_controller.sdk\LED_Controller_test_bsp\system.mss : null
05:46:34 ERROR : (XSDB Server)ERROR: [Hsi 55-1558] Software Design system system is not found

05:46:34 ERROR : Failed to closesw "C:/Users/anyho/FPGA/Projects/SYSC3320/Labs/Lab4/led_controller/led_controller.sdk/LED_Controller_test_bsp/system.mss"
Reason: Cannot close sw design 'C:/Users/anyho/FPGA/Projects/SYSC3320/Labs/Lab4/led_controller/led_controller.sdk/LED_Controller_test_bsp/system.mss'.
Design is not opened in the current session.


05:46:48 ERROR : (XSDB Server)ERROR: [Hsi 55-1558] Software Design system system is not found

05:46:48 ERROR :  [Common 17-39] 'hsi::current_sw_design' failed due to earlier errors.
05:46:48 ERROR : (XSDB Server)ERROR: [Hsi 55-1558] Software Design system system is not found

05:46:48 INFO  : Unable to read in MSS file C:\Users\anyho\FPGA\Projects\SYSC3320\Labs\Lab4\led_controller\led_controller.sdk\LED_Controller_test_bsp\system.mss : null
05:46:48 ERROR : (XSDB Server)ERROR: [Hsi 55-1558] Software Design system system is not found

05:46:48 ERROR : (XSDB Server)ERROR: [Hsi 55-1558] Software Design system system is not found

05:46:48 ERROR : Failed to get_connected_periphs
Reason: ERROR: [Common 17-55] 'get_property' expects at least one object.
Resolution: If [get_<value>] was used to populate the object, check to make sure this command returns at least one valid object.

05:46:50 ERROR : (XSDB Server)ERROR: [Hsi 55-1558] Software Design system system is not found

05:46:50 ERROR :  [Common 17-39] 'hsi::current_sw_design' failed due to earlier errors.
05:46:50 ERROR : (XSDB Server)ERROR: [Hsi 55-1558] Software Design system system is not found

05:46:50 INFO  : Unable to read in MSS file C:\Users\anyho\FPGA\Projects\SYSC3320\Labs\Lab4\led_controller\led_controller.sdk\LED_Controller_test_bsp\system.mss : null
05:46:50 ERROR : (XSDB Server)ERROR: [Hsi 55-1558] Software Design system system is not found

05:46:50 ERROR : (XSDB Server)ERROR: [Hsi 55-1558] Software Design system system is not found

05:46:50 ERROR : (XSDB Server)ERROR: [Hsi 55-1558] Software Design system system is not found

05:46:50 ERROR :  [Common 17-39] 'hsi::current_sw_design' failed due to earlier errors.
05:46:50 ERROR : (XSDB Server)ERROR: [Hsi 55-1558] Software Design system system is not found

05:46:50 INFO  : Unable to read in MSS file C:\Users\anyho\FPGA\Projects\SYSC3320\Labs\Lab4\led_controller\led_controller.sdk\LED_Controller_test_bsp\system.mss : null
05:46:50 ERROR : (XSDB Server)ERROR: [Hsi 55-1558] Software Design system system is not found

05:46:50 ERROR : Failed to closesw "C:/Users/anyho/FPGA/Projects/SYSC3320/Labs/Lab4/led_controller/led_controller.sdk/LED_Controller_test_bsp/system.mss"
Reason: Cannot close sw design 'C:/Users/anyho/FPGA/Projects/SYSC3320/Labs/Lab4/led_controller/led_controller.sdk/LED_Controller_test_bsp/system.mss'.
Design is not opened in the current session.


05:48:23 INFO  : Saving repository preferences.
05:50:02 ERROR : Unexpected error while parsing XMD response ?: com.google.gson.JsonSyntaxException: com.google.gson.stream.MalformedJsonException: invalid number or unquoted string near 
05:51:15 INFO  : Registering command handlers for SDK TCF services
05:51:16 INFO  : Launching XSCT server: xsct.bat -interactive C:\Users\anyho\FPGA\Projects\SYSC3320\Labs\Lab4\led_controller\led_controller.sdk\temp_xsdb_launch_script.tcl
05:51:18 INFO  : XSCT server has started successfully.
05:51:18 INFO  : Successfully done setting XSCT server connection channel  
05:51:18 INFO  : Successfully done setting SDK workspace  
05:51:18 INFO  : Restoring local repository preferences: 
		 C:\Users\anyho\FPGA\Projects\SYSC3320\Labs\Lab4\ip_repo\led_controller_1.0
05:51:18 INFO  : Processing command line option -hwspec C:/Users/anyho/FPGA/Projects/SYSC3320/Labs/Lab4/led_controller/led_controller.sdk/led_test_system_wrapper.hdf.
05:51:18 INFO  : Checking for hwspec changes in the project led_test_system_wrapper_hw_platform_0.
05:51:51 INFO  : Saving repository preferences.
05:52:46 INFO  : No changes in MSS file content so not generating sources.
05:54:44 INFO  : Connected to target on host '127.0.0.1' and port '3121'.
05:54:45 INFO  : 'targets -set -filter {jtag_cable_name =~ "Digilent Zybo 210279A42B02A" && level==0} -index 1' command is executed.
05:54:46 INFO  : FPGA configured successfully with bitstream "C:/Users/anyho/FPGA/Projects/SYSC3320/Labs/Lab4/led_controller/led_controller.sdk/led_test_system_wrapper_hw_platform_0/led_test_system_wrapper.bit"
05:56:29 INFO  : 'targets -set -filter {jtag_cable_name =~ "Digilent Zybo 210279A42B02A" && level==0} -index 1' command is executed.
05:56:29 INFO  : 'fpga -state' command is executed.
05:56:29 INFO  : Connected to target on host '127.0.0.1' and port '3121'.
05:56:29 INFO  : Jtag cable 'Digilent Zybo 210279A42B02A' is selected.
05:56:29 INFO  : 'jtag frequency' command is executed.
05:56:29 INFO  : Sourcing of 'C:/Users/anyho/FPGA/Projects/SYSC3320/Labs/Lab4/led_controller/led_controller.sdk/led_test_system_wrapper_hw_platform_0/ps7_init.tcl' is done.
05:56:29 INFO  : Context for 'APU' is selected.
05:56:30 INFO  : Hardware design information is loaded from 'C:/Users/anyho/FPGA/Projects/SYSC3320/Labs/Lab4/led_controller/led_controller.sdk/led_test_system_wrapper_hw_platform_0/system.hdf'.
05:56:30 INFO  : Context for 'APU' is selected.
05:56:30 INFO  : 'stop' command is executed.
05:56:30 ERROR : Memory read error at 0xF8007080. AHB AP transaction error, DAP status f0000021
05:56:30 INFO  : ----------------XSDB Script----------------
connect -url tcp:127.0.0.1:3121
source C:/Users/anyho/FPGA/Projects/SYSC3320/Labs/Lab4/led_controller/led_controller.sdk/led_test_system_wrapper_hw_platform_0/ps7_init.tcl
targets -set -nocase -filter {name =~"APU*" && jtag_cable_name =~ "Digilent Zybo 210279A42B02A"} -index 0
loadhw C:/Users/anyho/FPGA/Projects/SYSC3320/Labs/Lab4/led_controller/led_controller.sdk/led_test_system_wrapper_hw_platform_0/system.hdf
targets -set -nocase -filter {name =~"APU*" && jtag_cable_name =~ "Digilent Zybo 210279A42B02A"} -index 0
stop
ps7_init
----------------End of Script----------------

